[01m[K/home/ahao/catkin_ws/src/gripper_control/gripper_control.cpp:[m[K In function â€˜[01m[Kint main(int, char**)[m[Kâ€™:
[01m[K/home/ahao/catkin_ws/src/gripper_control/gripper_control.cpp:18:100:[m[K [01;31m[Kerror: [m[Kno matching function for call to â€˜[01m[Kros::NodeHandle::advertise<std_msgs::Float32_>(const char [29], int)[m[Kâ€™
     ros::Publisher gripper_pub = n.advertise<std_msgs::Float32_>("/joint/gripper1/position_cmd", 10[01;31m[K)[m[K;
                                                                                                    [01;31m[K^[m[K
In file included from [01m[K/opt/ros/melodic/include/ros/ros.h:45:0[m[K,
                 from [01m[K/home/ahao/catkin_ws/src/gripper_control/gripper_control.cpp:6[m[K:
[01m[K/opt/ros/melodic/include/ros/node_handle.h:249:15:[m[K [01;36m[Knote: [m[Kcandidate: template<class M> ros::Publisher ros::NodeHandle::advertise(const string&, uint32_t, bool)
     Publisher [01;36m[Kadvertise[m[K(const std::string& topic, uint32_t queue_size, bool latch = false)
               [01;36m[K^~~~~~~~~[m[K
[01m[K/opt/ros/melodic/include/ros/node_handle.h:249:15:[m[K [01;36m[Knote: [m[K  template argument deduction/substitution failed:
In file included from [01m[K/opt/ros/melodic/include/ros/ros.h:45:0[m[K,
                 from [01m[K/home/ahao/catkin_ws/src/gripper_control/gripper_control.cpp:6[m[K:
[01m[K/opt/ros/melodic/include/ros/node_handle.h:315:13:[m[K [01;36m[Knote: [m[Kcandidate: template<class M> ros::Publisher ros::NodeHandle::advertise(const string&, uint32_t, const SubscriberStatusCallback&, const SubscriberStatusCallback&, const VoidConstPtr&, bool)
   Publisher [01;36m[Kadvertise[m[K(const std::string& topic, uint32_t queue_size,
             [01;36m[K^~~~~~~~~[m[K
[01m[K/opt/ros/melodic/include/ros/node_handle.h:315:13:[m[K [01;36m[Knote: [m[K  template argument deduction/substitution failed:
[01m[K/home/ahao/catkin_ws/src/gripper_control/gripper_control.cpp:27:28:[m[K [01;31m[Kerror: [m[Kmissing template arguments before â€˜[01m[Kgripper1_pos[m[Kâ€™
         std_msgs::Float32_ [01;31m[Kgripper1_pos[m[K;
                            [01;31m[K^~~~~~~~~~~~[m[K
[01m[K/home/ahao/catkin_ws/src/gripper_control/gripper_control.cpp:28:9:[m[K [01;31m[Kerror: [m[Kâ€˜[01m[Kgripper1_pos[m[Kâ€™ was not declared in this scope
         [01;31m[Kgripper1_pos[m[K = (double)(0.5);
         [01;31m[K^~~~~~~~~~~~[m[K
[01m[K/home/ahao/catkin_ws/src/gripper_control/gripper_control.cpp:28:9:[m[K [01;36m[Knote: [m[Ksuggested alternative: â€˜[01m[Kgripper_pub[m[Kâ€™
         [01;36m[Kgripper1_pos[m[K = (double)(0.5);
         [01;36m[K^~~~~~~~~~~~[m[K
         [32m[Kgripper_pub[m[K
make[2]: *** [CMakeFiles/gripper_control.dir/gripper_control.cpp.o] Error 1
make[1]: *** [CMakeFiles/gripper_control.dir/all] Error 2
make: *** [all] Error 2
